# JRE version: Java(TM) SE Runtime Environment (13.0.1+9) (build 13.0.1+9)
# Java VM: Java HotSpot(TM) 64-Bit Server VM (13.0.1+9, mixed mode, sharing, tiered, compressed oops, parallel gc, windows-amd64)
Heap:
 PSYoungGen      total 29184K, used 28967K [0x00000000eab00000, 0x00000000ed700000, 0x0000000100000000)
  eden space 14848K, 100% used [0x00000000eab00000,0x00000000eb980000,0x00000000eb980000)
  from space 14336K, 98% used [0x00000000ec800000,0x00000000ed5c9e98,0x00000000ed600000)
  to   space 14848K, 77% used [0x00000000eb980000,0x00000000ec4bc6b0,0x00000000ec800000)
 ParOldGen       total 200192K, used 137499K [0x00000000c0000000, 0x00000000cc380000, 0x00000000eab00000)
  object space 200192K, 68% used [0x00000000c0000000,0x00000000c8646ef8,0x00000000cc380000)
 Metaspace       used 75578K, capacity 79306K, committed 80000K, reserved 1120256K
  class space    used 7507K, capacity 8877K, committed 9088K, reserved 1048576K
GC Heap History (20 events):
Event: 2396.914 GC heap after
{Heap after GC invocations=399 (full 15):
 PSYoungGen      total 52224K, used 19940K [0x00000000eab00000, 0x00000000efb80000, 0x0000000100000000)
  eden space 32256K, 0% used [0x00000000eab00000,0x00000000eab00000,0x00000000eca80000)
  from space 19968K, 99% used [0x00000000ecd00000,0x00000000ee0793c0,0x00000000ee080000)
  to   space 25088K, 0% used [0x00000000ee300000,0x00000000ee300000,0x00000000efb80000)
 ParOldGen       total 230912K, used 221376K [0x00000000c0000000, 0x00000000ce180000, 0x00000000eab00000)
  object space 230912K, 95% used [0x00000000c0000000,0x00000000cd830210,0x00000000ce180000)
 Metaspace       used 75706K, capacity 79408K, committed 79744K, reserved 1120256K
  class space    used 7556K, capacity 8969K, committed 9088K, reserved 1048576K
}
Event: 2407.897 GC heap before
{Heap before GC invocations=400 (full 15):
 PSYoungGen      total 52224K, used 52196K [0x00000000eab00000, 0x00000000efb80000, 0x0000000100000000)
  eden space 32256K, 100% used [0x00000000eab00000,0x00000000eca80000,0x00000000eca80000)
  from space 19968K, 99% used [0x00000000ecd00000,0x00000000ee0793c0,0x00000000ee080000)
  to   space 25088K, 0% used [0x00000000ee300000,0x00000000ee300000,0x00000000efb80000)
 ParOldGen       total 230912K, used 221376K [0x00000000c0000000, 0x00000000ce180000, 0x00000000eab00000)
  object space 230912K, 95% used [0x00000000c0000000,0x00000000cd830210,0x00000000ce180000)
 Metaspace       used 75744K, capacity 79473K, committed 79744K, reserved 1120256K
  class space    used 7556K, capacity 8969K, committed 9088K, reserved 1048576K
}
Event: 2407.921 GC heap after
{Heap after GC invocations=400 (full 15):
 PSYoungGen      total 51712K, used 19823K [0x00000000eab00000, 0x00000000ef680000, 0x0000000100000000)
  eden space 31744K, 0% used [0x00000000eab00000,0x00000000eab00000,0x00000000eca00000)
  from space 19968K, 99% used [0x00000000ee300000,0x00000000ef65bdd8,0x00000000ef680000)
  to   space 21504K, 0% used [0x00000000ecc80000,0x00000000ecc80000,0x00000000ee180000)
 ParOldGen       total 230912K, used 221760K [0x00000000c0000000, 0x00000000ce180000, 0x00000000eab00000)
  object space 230912K, 96% used [0x00000000c0000000,0x00000000cd890210,0x00000000ce180000)
 Metaspace       used 75744K, capacity 79473K, committed 79744K, reserved 1120256K
  class space    used 7556K, capacity 8969K, committed 9088K, reserved 1048576K
}
Event: 2412.800 GC heap before
{Heap before GC invocations=401 (full 15):
 PSYoungGen      total 51712K, used 51565K [0x00000000eab00000, 0x00000000ef680000, 0x0000000100000000)
  eden space 31744K, 99% used [0x00000000eab00000,0x00000000ec9ff8f8,0x00000000eca00000)
  from space 19968K, 99% used [0x00000000ee300000,0x00000000ef65bdd8,0x00000000ef680000)
  to   space 21504K, 0% used [0x00000000ecc80000,0x00000000ecc80000,0x00000000ee180000)
 ParOldGen       total 230912K, used 221760K [0x00000000c0000000, 0x00000000ce180000, 0x00000000eab00000)
  object space 230912K, 96% used [0x00000000c0000000,0x00000000cd890210,0x00000000ce180000)
 Metaspace       used 75792K, capacity 79503K, committed 79744K, reserved 1120256K
  class space    used 7559K, capacity 8974K, committed 9088K, reserved 1048576K
}
Event: 2412.823 GC heap after
{Heap after GC invocations=401 (full 15):
 PSYoungGen      total 51712K, used 20330K [0x00000000eab00000, 0x00000000ef180000, 0x0000000100000000)
  eden space 31232K, 0% used [0x00000000eab00000,0x00000000eab00000,0x00000000ec980000)
  from space 20480K, 99% used [0x00000000ecc80000,0x00000000ee05aa68,0x00000000ee080000)
  to   space 17408K, 0% used [0x00000000ee080000,0x00000000ee080000,0x00000000ef180000)
 ParOldGen       total 230912K, used 221760K [0x00000000c0000000, 0x00000000ce180000, 0x00000000eab00000)
  object space 230912K, 96% used [0x00000000c0000000,0x00000000cd890210,0x00000000ce180000)
 Metaspace       used 75792K, capacity 79503K, committed 79744K, reserved 1120256K
  class space    used 7559K, capacity 8974K, committed 9088K, reserved 1048576K
}
Event: 2414.941 GC heap before
{Heap before GC invocations=402 (full 15):
 PSYoungGen      total 51712K, used 51562K [0x00000000eab00000, 0x00000000ef180000, 0x0000000100000000)
  eden space 31232K, 100% used [0x00000000eab00000,0x00000000ec980000,0x00000000ec980000)
  from space 20480K, 99% used [0x00000000ecc80000,0x00000000ee05aa68,0x00000000ee080000)
  to   space 17408K, 0% used [0x00000000ee080000,0x00000000ee080000,0x00000000ef180000)
 ParOldGen       total 230912K, used 221760K [0x00000000c0000000, 0x00000000ce180000, 0x00000000eab00000)
  object space 230912K, 96% used [0x00000000c0000000,0x00000000cd890210,0x00000000ce180000)
 Metaspace       used 75843K, capacity 79695K, committed 80000K, reserved 1120256K
  class space    used 7559K, capacity 8974K, committed 9088K, reserved 1048576K
}
Event: 2414.971 GC heap after
{Heap after GC invocations=402 (full 15):
 PSYoungGen      total 32768K, used 17393K [0x00000000eab00000, 0x00000000f1600000, 0x0000000100000000)
  eden space 15360K, 0% used [0x00000000eab00000,0x00000000eab00000,0x00000000eba00000)
  from space 17408K, 99% used [0x00000000ee080000,0x00000000ef17c4d8,0x00000000ef180000)
  to   space 39424K, 0% used [0x00000000eba00000,0x00000000eba00000,0x00000000ee080000)
 ParOldGen       total 241664K, used 240969K [0x00000000c0000000, 0x00000000cec00000, 0x00000000eab00000)
  object space 241664K, 99% used [0x00000000c0000000,0x00000000ceb525b0,0x00000000cec00000)
 Metaspace       used 75843K, capacity 79695K, committed 80000K, reserved 1120256K
  class space    used 7559K, capacity 8974K, committed 9088K, reserved 1048576K
}
Event: 2414.971 GC heap before
{Heap before GC invocations=403 (full 16):
 PSYoungGen      total 32768K, used 17393K [0x00000000eab00000, 0x00000000f1600000, 0x0000000100000000)
  eden space 15360K, 0% used [0x00000000eab00000,0x00000000eab00000,0x00000000eba00000)
  from space 17408K, 99% used [0x00000000ee080000,0x00000000ef17c4d8,0x00000000ef180000)
  to   space 39424K, 0% used [0x00000000eba00000,0x00000000eba00000,0x00000000ee080000)
 ParOldGen       total 241664K, used 240969K [0x00000000c0000000, 0x00000000cec00000, 0x00000000eab00000)
  object space 241664K, 99% used [0x00000000c0000000,0x00000000ceb525b0,0x00000000cec00000)
 Metaspace       used 75843K, capacity 79695K, committed 80000K, reserved 1120256K
  class space    used 7559K, capacity 8974K, committed 9088K, reserved 1048576K
}
Event: 2415.291 GC heap after
{Heap after GC invocations=403 (full 16):
 PSYoungGen      total 54784K, used 0K [0x00000000eab00000, 0x00000000f0700000, 0x0000000100000000)
  eden space 15360K, 0% used [0x00000000eab00000,0x00000000eab00000,0x00000000eba00000)
  from space 39424K, 0% used [0x00000000eba00000,0x00000000eba00000,0x00000000ee080000)
  to   space 39424K, 0% used [0x00000000ee080000,0x00000000ee080000,0x00000000f0700000)
 ParOldGen       total 200192K, used 131464K [0x00000000c0000000, 0x00000000cc380000, 0x00000000eab00000)
  object space 200192K, 65% used [0x00000000c0000000,0x00000000c8062328,0x00000000cc380000)
 Metaspace       used 75545K, capacity 79242K, committed 80000K, reserved 1120256K
  class space    used 7507K, capacity 8877K, committed 9088K, reserved 1048576K
}
Event: 2415.390 GC heap before
{Heap before GC invocations=404 (full 16):
 PSYoungGen      total 54784K, used 15360K [0x00000000eab00000, 0x00000000f0700000, 0x0000000100000000)
  eden space 15360K, 100% used [0x00000000eab00000,0x00000000eba00000,0x00000000eba00000)
  from space 39424K, 0% used [0x00000000eba00000,0x00000000eba00000,0x00000000ee080000)
  to   space 39424K, 0% used [0x00000000ee080000,0x00000000ee080000,0x00000000f0700000)
 ParOldGen       total 200192K, used 131464K [0x00000000c0000000, 0x00000000cc380000, 0x00000000eab00000)
  object space 200192K, 65% used [0x00000000c0000000,0x00000000c8062328,0x00000000cc380000)
 Metaspace       used 75548K, capacity 79242K, committed 80000K, reserved 1120256K
  class space    used 7507K, capacity 8877K, committed 9088K, reserved 1048576K
}
Event: 2415.402 GC heap after
{Heap after GC invocations=404 (full 16):
 PSYoungGen      total 20480K, used 5020K [0x00000000eab00000, 0x00000000ee580000, 0x0000000100000000)
  eden space 15360K, 0% used [0x00000000eab00000,0x00000000eab00000,0x00000000eba00000)
  from space 5120K, 98% used [0x00000000ee080000,0x00000000ee567130,0x00000000ee580000)
  to   space 16896K, 0% used [0x00000000ec480000,0x00000000ec480000,0x00000000ed500000)
 ParOldGen       total 200192K, used 131464K [0x00000000c0000000, 0x00000000cc380000, 0x00000000eab00000)
  object space 200192K, 65% used [0x00000000c0000000,0x00000000c8062328,0x00000000cc380000)
 Metaspace       used 75548K, capacity 79242K, committed 80000K, reserved 1120256K
  class space    used 7507K, capacity 8877K, committed 9088K, reserved 1048576K
}
Event: 2415.480 GC heap before
{Heap before GC invocations=405 (full 16):
 PSYoungGen      total 20480K, used 20380K [0x00000000eab00000, 0x00000000ee580000, 0x0000000100000000)
  eden space 15360K, 100% used [0x00000000eab00000,0x00000000eba00000,0x00000000eba00000)
  from space 5120K, 98% used [0x00000000ee080000,0x00000000ee567130,0x00000000ee580000)
  to   space 16896K, 0% used [0x00000000ec480000,0x00000000ec480000,0x00000000ed500000)
 ParOldGen       total 200192K, used 131464K [0x00000000c0000000, 0x00000000cc380000, 0x00000000eab00000)
  object space 200192K, 65% used [0x00000000c0000000,0x00000000c8062328,0x00000000cc380000)
 Metaspace       used 75552K, capacity 79306K, committed 80000K, reserved 1120256K
  class space    used 7507K, capacity 8877K, committed 9088K, reserved 1048576K
}
Event: 2415.490 GC heap after
{Heap after GC invocations=405 (full 16):
 PSYoungGen      total 32256K, used 10596K [0x00000000eab00000, 0x00000000ee100000, 0x0000000100000000)
  eden space 15360K, 0% used [0x00000000eab00000,0x00000000eab00000,0x00000000eba00000)
  from space 16896K, 62% used [0x00000000ec480000,0x00000000eced9080,0x00000000ed500000)
  to   space 12288K, 0% used [0x00000000ed500000,0x00000000ed500000,0x00000000ee100000)
 ParOldGen       total 200192K, used 131464K [0x00000000c0000000, 0x00000000cc380000, 0x00000000eab00000)
  object space 200192K, 65% used [0x00000000c0000000,0x00000000c8062328,0x00000000cc380000)
 Metaspace       used 75552K, capacity 79306K, committed 80000K, reserved 1120256K
  class space    used 7507K, capacity 8877K, committed 9088K, reserved 1048576K
}
Event: 2415.775 GC heap before
{Heap before GC invocations=406 (full 16):
 PSYoungGen      total 32256K, used 25956K [0x00000000eab00000, 0x00000000ee100000, 0x0000000100000000)
  eden space 15360K, 100% used [0x00000000eab00000,0x00000000eba00000,0x00000000eba00000)
  from space 16896K, 62% used [0x00000000ec480000,0x00000000eced9080,0x00000000ed500000)
  to   space 12288K, 0% used [0x00000000ed500000,0x00000000ed500000,0x00000000ee100000)
 ParOldGen       total 200192K, used 131464K [0x00000000c0000000, 0x00000000cc380000, 0x00000000eab00000)
  object space 200192K, 65% used [0x00000000c0000000,0x00000000c8062328,0x00000000cc380000)
 Metaspace       used 75566K, capacity 79306K, committed 80000K, reserved 1120256K
  class space    used 7507K, capacity 8877K, committed 9088K, reserved 1048576K
}
Event: 2415.787 GC heap after
{Heap after GC invocations=406 (full 16):
 PSYoungGen      total 27648K, used 12260K [0x00000000eab00000, 0x00000000ee100000, 0x0000000100000000)
  eden space 15360K, 0% used [0x00000000eab00000,0x00000000eab00000,0x00000000eba00000)
  from space 12288K, 99% used [0x00000000ed500000,0x00000000ee0f9230,0x00000000ee100000)
  to   space 19968K, 0% used [0x00000000eba00000,0x00000000eba00000,0x00000000ecd80000)
 ParOldGen       total 200192K, used 137499K [0x00000000c0000000, 0x00000000cc380000, 0x00000000eab00000)
  object space 200192K, 68% used [0x00000000c0000000,0x00000000c8646ef8,0x00000000cc380000)
 Metaspace       used 75566K, capacity 79306K, committed 80000K, reserved 1120256K
  class space    used 7507K, capacity 8877K, committed 9088K, reserved 1048576K
}
Event: 2415.888 GC heap before
{Heap before GC invocations=407 (full 16):
 PSYoungGen      total 27648K, used 27620K [0x00000000eab00000, 0x00000000ee100000, 0x0000000100000000)
  eden space 15360K, 100% used [0x00000000eab00000,0x00000000eba00000,0x00000000eba00000)
  from space 12288K, 99% used [0x00000000ed500000,0x00000000ee0f9230,0x00000000ee100000)
  to   space 19968K, 0% used [0x00000000eba00000,0x00000000eba00000,0x00000000ecd80000)
 ParOldGen       total 200192K, used 137499K [0x00000000c0000000, 0x00000000cc380000, 0x00000000eab00000)
  object space 200192K, 68% used [0x00000000c0000000,0x00000000c8646ef8,0x00000000cc380000)
 Metaspace       used 75570K, capacity 79306K, committed 80000K, reserved 1120256K
  class space    used 7507K, capacity 8877K, committed 9088K, reserved 1048576K
}
Event: 2415.898 GC heap after
{Heap after GC invocations=407 (full 16):
 PSYoungGen      total 27648K, used 11787K [0x00000000eab00000, 0x00000000ed600000, 0x0000000100000000)
  eden space 15360K, 0% used [0x00000000eab00000,0x00000000eab00000,0x00000000eba00000)
  from space 12288K, 95% used [0x00000000eba00000,0x00000000ec582eb0,0x00000000ec600000)
  to   space 14336K, 0% used [0x00000000ec800000,0x00000000ec800000,0x00000000ed600000)
 ParOldGen       total 200192K, used 137499K [0x00000000c0000000, 0x00000000cc380000, 0x00000000eab00000)
  object space 200192K, 68% used [0x00000000c0000000,0x00000000c8646ef8,0x00000000cc380000)
 Metaspace       used 75570K, capacity 79306K, committed 80000K, reserved 1120256K
  class space    used 7507K, capacity 8877K, committed 9088K, reserved 1048576K
}
Event: 2415.972 GC heap before
{Heap before GC invocations=408 (full 16):
 PSYoungGen      total 27648K, used 27147K [0x00000000eab00000, 0x00000000ed600000, 0x0000000100000000)
  eden space 15360K, 100% used [0x00000000eab00000,0x00000000eba00000,0x00000000eba00000)
  from space 12288K, 95% used [0x00000000eba00000,0x00000000ec582eb0,0x00000000ec600000)
  to   space 14336K, 0% used [0x00000000ec800000,0x00000000ec800000,0x00000000ed600000)
 ParOldGen       total 200192K, used 137499K [0x00000000c0000000, 0x00000000cc380000, 0x00000000eab00000)
  object space 200192K, 68% used [0x00000000c0000000,0x00000000c8646ef8,0x00000000cc380000)
 Metaspace       used 75570K, capacity 79306K, committed 80000K, reserved 1120256K
  class space    used 7507K, capacity 8877K, committed 9088K, reserved 1048576K
}
Event: 2415.984 GC heap after
{Heap after GC invocations=408 (full 16):
 PSYoungGen      total 29184K, used 14119K [0x00000000eab00000, 0x00000000ed700000, 0x0000000100000000)
  eden space 14848K, 0% used [0x00000000eab00000,0x00000000eab00000,0x00000000eb980000)
  from space 14336K, 98% used [0x00000000ec800000,0x00000000ed5c9e98,0x00000000ed600000)
  to   space 14848K, 0% used [0x00000000eb980000,0x00000000eb980000,0x00000000ec800000)
 ParOldGen       total 200192K, used 137499K [0x00000000c0000000, 0x00000000cc380000, 0x00000000eab00000)
  object space 200192K, 68% used [0x00000000c0000000,0x00000000c8646ef8,0x00000000cc380000)
 Metaspace       used 75570K, capacity 79306K, committed 80000K, reserved 1120256K
  class space    used 7507K, capacity 8877K, committed 9088K, reserved 1048576K
}
Event: 37953.259 GC heap before
{Heap before GC invocations=409 (full 16):
 PSYoungGen      total 29184K, used 28967K [0x00000000eab00000, 0x00000000ed700000, 0x0000000100000000)
  eden space 14848K, 100% used [0x00000000eab00000,0x00000000eb980000,0x00000000eb980000)
  from space 14336K, 98% used [0x00000000ec800000,0x00000000ed5c9e98,0x00000000ed600000)
  to   space 14848K, 0% used [0x00000000eb980000,0x00000000eb980000,0x00000000ec800000)
 ParOldGen       total 200192K, used 137499K [0x00000000c0000000, 0x00000000cc380000, 0x00000000eab00000)
  object space 200192K, 68% used [0x00000000c0000000,0x00000000c8646ef8,0x00000000cc380000)
 Metaspace       used 75578K, capacity 79306K, committed 80000K, reserved 1120256K
  class space    used 7507K, capacity 8877K, committed 9088K, reserved 1048576K
}

