# JRE version: Java(TM) SE Runtime Environment (13.0.1+9) (build 13.0.1+9)
# Java VM: Java HotSpot(TM) 64-Bit Server VM (13.0.1+9, mixed mode, sharing, tiered, compressed oops, parallel gc, windows-amd64)
Heap:
 PSYoungGen      total 26112K, used 16794K [0x00000000eab00000, 0x00000000ecd00000, 0x0000000100000000)
  eden space 22016K, 57% used [0x00000000eab00000,0x00000000eb76e810,0x00000000ec080000)
  from space 4096K, 99% used [0x00000000ec900000,0x00000000eccf8010,0x00000000ecd00000)
  to   space 5120K, 0% used [0x00000000ec300000,0x00000000ec300000,0x00000000ec800000)
 ParOldGen       total 68608K, used 18900K [0x00000000c0000000, 0x00000000c4300000, 0x00000000eab00000)
  object space 68608K, 27% used [0x00000000c0000000,0x00000000c12751b0,0x00000000c4300000)
 Metaspace       used 30243K, capacity 31900K, committed 32128K, reserved 1077248K
  class space    used 3006K, capacity 3606K, committed 3712K, reserved 1048576K
GC Heap History (20 events):
Event: 50.483 GC heap before
{Heap before GC invocations=2 (full 0):
 PSYoungGen      total 29696K, used 29401K [0x00000000eab00000, 0x00000000ecc00000, 0x0000000100000000)
  eden space 25600K, 100% used [0x00000000eab00000,0x00000000ec400000,0x00000000ec400000)
  from space 4096K, 92% used [0x00000000ec400000,0x00000000ec7b65a8,0x00000000ec800000)
  to   space 4096K, 0% used [0x00000000ec800000,0x00000000ec800000,0x00000000ecc00000)
 ParOldGen       total 68608K, used 16K [0x00000000c0000000, 0x00000000c4300000, 0x00000000eab00000)
  object space 68608K, 0% used [0x00000000c0000000,0x00000000c0004000,0x00000000c4300000)
 Metaspace       used 16776K, capacity 17704K, committed 17792K, reserved 1064960K
  class space    used 1583K, capacity 1914K, committed 1920K, reserved 1048576K
}
Event: 50.494 GC heap after
{Heap after GC invocations=2 (full 0):
 PSYoungGen      total 29696K, used 4067K [0x00000000eab00000, 0x00000000ecc00000, 0x0000000100000000)
  eden space 25600K, 0% used [0x00000000eab00000,0x00000000eab00000,0x00000000ec400000)
  from space 4096K, 99% used [0x00000000ec800000,0x00000000ecbf8c30,0x00000000ecc00000)
  to   space 4096K, 0% used [0x00000000ec400000,0x00000000ec400000,0x00000000ec800000)
 ParOldGen       total 68608K, used 3132K [0x00000000c0000000, 0x00000000c4300000, 0x00000000eab00000)
  object space 68608K, 4% used [0x00000000c0000000,0x00000000c030f350,0x00000000c4300000)
 Metaspace       used 16776K, capacity 17704K, committed 17792K, reserved 1064960K
  class space    used 1583K, capacity 1914K, committed 1920K, reserved 1048576K
}
Event: 52.078 GC heap before
{Heap before GC invocations=3 (full 0):
 PSYoungGen      total 29696K, used 19255K [0x00000000eab00000, 0x00000000ecc00000, 0x0000000100000000)
  eden space 25600K, 59% used [0x00000000eab00000,0x00000000eb9d4fd8,0x00000000ec400000)
  from space 4096K, 99% used [0x00000000ec800000,0x00000000ecbf8c30,0x00000000ecc00000)
  to   space 4096K, 0% used [0x00000000ec400000,0x00000000ec400000,0x00000000ec800000)
 ParOldGen       total 68608K, used 3132K [0x00000000c0000000, 0x00000000c4300000, 0x00000000eab00000)
  object space 68608K, 4% used [0x00000000c0000000,0x00000000c030f350,0x00000000c4300000)
 Metaspace       used 20047K, capacity 21085K, committed 21248K, reserved 1069056K
  class space    used 1841K, capacity 2186K, committed 2304K, reserved 1048576K
}
Event: 52.093 GC heap after
{Heap after GC invocations=3 (full 0):
 PSYoungGen      total 29696K, used 4083K [0x00000000eab00000, 0x00000000ecc00000, 0x0000000100000000)
  eden space 25600K, 0% used [0x00000000eab00000,0x00000000eab00000,0x00000000ec400000)
  from space 4096K, 99% used [0x00000000ec400000,0x00000000ec7fcc40,0x00000000ec800000)
  to   space 4096K, 0% used [0x00000000ec800000,0x00000000ec800000,0x00000000ecc00000)
 ParOldGen       total 68608K, used 3648K [0x00000000c0000000, 0x00000000c4300000, 0x00000000eab00000)
  object space 68608K, 5% used [0x00000000c0000000,0x00000000c03901d8,0x00000000c4300000)
 Metaspace       used 20047K, capacity 21085K, committed 21248K, reserved 1069056K
  class space    used 1841K, capacity 2186K, committed 2304K, reserved 1048576K
}
Event: 52.093 GC heap before
{Heap before GC invocations=4 (full 1):
 PSYoungGen      total 29696K, used 4083K [0x00000000eab00000, 0x00000000ecc00000, 0x0000000100000000)
  eden space 25600K, 0% used [0x00000000eab00000,0x00000000eab00000,0x00000000ec400000)
  from space 4096K, 99% used [0x00000000ec400000,0x00000000ec7fcc40,0x00000000ec800000)
  to   space 4096K, 0% used [0x00000000ec800000,0x00000000ec800000,0x00000000ecc00000)
 ParOldGen       total 68608K, used 3648K [0x00000000c0000000, 0x00000000c4300000, 0x00000000eab00000)
  object space 68608K, 5% used [0x00000000c0000000,0x00000000c03901d8,0x00000000c4300000)
 Metaspace       used 20047K, capacity 21085K, committed 21248K, reserved 1069056K
  class space    used 1841K, capacity 2186K, committed 2304K, reserved 1048576K
}
Event: 52.168 GC heap after
{Heap after GC invocations=4 (full 1):
 PSYoungGen      total 29696K, used 0K [0x00000000eab00000, 0x00000000ecc00000, 0x0000000100000000)
  eden space 25600K, 0% used [0x00000000eab00000,0x00000000eab00000,0x00000000ec400000)
  from space 4096K, 0% used [0x00000000ec400000,0x00000000ec400000,0x00000000ec800000)
  to   space 4096K, 0% used [0x00000000ec800000,0x00000000ec800000,0x00000000ecc00000)
 ParOldGen       total 68608K, used 7606K [0x00000000c0000000, 0x00000000c4300000, 0x00000000eab00000)
  object space 68608K, 11% used [0x00000000c0000000,0x00000000c076d828,0x00000000c4300000)
 Metaspace       used 20047K, capacity 21085K, committed 21248K, reserved 1069056K
  class space    used 1841K, capacity 2186K, committed 2304K, reserved 1048576K
}
Event: 63.197 GC heap before
{Heap before GC invocations=5 (full 1):
 PSYoungGen      total 29696K, used 25600K [0x00000000eab00000, 0x00000000ecc00000, 0x0000000100000000)
  eden space 25600K, 100% used [0x00000000eab00000,0x00000000ec400000,0x00000000ec400000)
  from space 4096K, 0% used [0x00000000ec400000,0x00000000ec400000,0x00000000ec800000)
  to   space 4096K, 0% used [0x00000000ec800000,0x00000000ec800000,0x00000000ecc00000)
 ParOldGen       total 68608K, used 7606K [0x00000000c0000000, 0x00000000c4300000, 0x00000000eab00000)
  object space 68608K, 11% used [0x00000000c0000000,0x00000000c076d828,0x00000000c4300000)
 Metaspace       used 26824K, capacity 28464K, committed 28672K, reserved 1075200K
  class space    used 2632K, capacity 3224K, committed 3328K, reserved 1048576K
}
Event: 63.204 GC heap after
{Heap after GC invocations=5 (full 1):
 PSYoungGen      total 29696K, used 3035K [0x00000000eab00000, 0x00000000ecc00000, 0x0000000100000000)
  eden space 25600K, 0% used [0x00000000eab00000,0x00000000eab00000,0x00000000ec400000)
  from space 4096K, 74% used [0x00000000ec800000,0x00000000ecaf6c80,0x00000000ecc00000)
  to   space 4096K, 0% used [0x00000000ec400000,0x00000000ec400000,0x00000000ec800000)
 ParOldGen       total 68608K, used 7614K [0x00000000c0000000, 0x00000000c4300000, 0x00000000eab00000)
  object space 68608K, 11% used [0x00000000c0000000,0x00000000c076f828,0x00000000c4300000)
 Metaspace       used 26824K, capacity 28464K, committed 28672K, reserved 1075200K
  class space    used 2632K, capacity 3224K, committed 3328K, reserved 1048576K
}
Event: 63.762 GC heap before
{Heap before GC invocations=6 (full 1):
 PSYoungGen      total 29696K, used 28635K [0x00000000eab00000, 0x00000000ecc00000, 0x0000000100000000)
  eden space 25600K, 100% used [0x00000000eab00000,0x00000000ec400000,0x00000000ec400000)
  from space 4096K, 74% used [0x00000000ec800000,0x00000000ecaf6c80,0x00000000ecc00000)
  to   space 4096K, 0% used [0x00000000ec400000,0x00000000ec400000,0x00000000ec800000)
 ParOldGen       total 68608K, used 7614K [0x00000000c0000000, 0x00000000c4300000, 0x00000000eab00000)
  object space 68608K, 11% used [0x00000000c0000000,0x00000000c076f828,0x00000000c4300000)
 Metaspace       used 27013K, capacity 28619K, committed 28928K, reserved 1075200K
  class space    used 2652K, capacity 3233K, committed 3328K, reserved 1048576K
}
Event: 63.775 GC heap after
{Heap after GC invocations=6 (full 1):
 PSYoungGen      total 29184K, used 4075K [0x00000000eab00000, 0x00000000ece80000, 0x0000000100000000)
  eden space 25088K, 0% used [0x00000000eab00000,0x00000000eab00000,0x00000000ec380000)
  from space 4096K, 99% used [0x00000000ec400000,0x00000000ec7fac90,0x00000000ec800000)
  to   space 5632K, 0% used [0x00000000ec900000,0x00000000ec900000,0x00000000ece80000)
 ParOldGen       total 68608K, used 8538K [0x00000000c0000000, 0x00000000c4300000, 0x00000000eab00000)
  object space 68608K, 12% used [0x00000000c0000000,0x00000000c0856a00,0x00000000c4300000)
 Metaspace       used 27013K, capacity 28619K, committed 28928K, reserved 1075200K
  class space    used 2652K, capacity 3233K, committed 3328K, reserved 1048576K
}
Event: 63.984 GC heap before
{Heap before GC invocations=7 (full 1):
 PSYoungGen      total 29184K, used 29163K [0x00000000eab00000, 0x00000000ece80000, 0x0000000100000000)
  eden space 25088K, 100% used [0x00000000eab00000,0x00000000ec380000,0x00000000ec380000)
  from space 4096K, 99% used [0x00000000ec400000,0x00000000ec7fac90,0x00000000ec800000)
  to   space 5632K, 0% used [0x00000000ec900000,0x00000000ec900000,0x00000000ece80000)
 ParOldGen       total 68608K, used 8538K [0x00000000c0000000, 0x00000000c4300000, 0x00000000eab00000)
  object space 68608K, 12% used [0x00000000c0000000,0x00000000c0856a00,0x00000000c4300000)
 Metaspace       used 27041K, capacity 28619K, committed 28928K, reserved 1075200K
  class space    used 2652K, capacity 3233K, committed 3328K, reserved 1048576K
}
Event: 64.000 GC heap after
{Heap after GC invocations=7 (full 1):
 PSYoungGen      total 29696K, used 5630K [0x00000000eab00000, 0x00000000ed000000, 0x0000000100000000)
  eden space 24064K, 0% used [0x00000000eab00000,0x00000000eab00000,0x00000000ec280000)
  from space 5632K, 99% used [0x00000000ec900000,0x00000000ece7fbf0,0x00000000ece80000)
  to   space 6656K, 0% used [0x00000000ec280000,0x00000000ec280000,0x00000000ec900000)
 ParOldGen       total 68608K, used 9026K [0x00000000c0000000, 0x00000000c4300000, 0x00000000eab00000)
  object space 68608K, 13% used [0x00000000c0000000,0x00000000c08d0a00,0x00000000c4300000)
 Metaspace       used 27041K, capacity 28619K, committed 28928K, reserved 1075200K
  class space    used 2652K, capacity 3233K, committed 3328K, reserved 1048576K
}
Event: 64.229 GC heap before
{Heap before GC invocations=8 (full 1):
 PSYoungGen      total 29696K, used 29694K [0x00000000eab00000, 0x00000000ed000000, 0x0000000100000000)
  eden space 24064K, 100% used [0x00000000eab00000,0x00000000ec280000,0x00000000ec280000)
  from space 5632K, 99% used [0x00000000ec900000,0x00000000ece7fbf0,0x00000000ece80000)
  to   space 6656K, 0% used [0x00000000ec280000,0x00000000ec280000,0x00000000ec900000)
 ParOldGen       total 68608K, used 9026K [0x00000000c0000000, 0x00000000c4300000, 0x00000000eab00000)
  object space 68608K, 13% used [0x00000000c0000000,0x00000000c08d0a00,0x00000000c4300000)
 Metaspace       used 27166K, capacity 28779K, committed 28928K, reserved 1075200K
  class space    used 2665K, capacity 3265K, committed 3328K, reserved 1048576K
}
Event: 64.249 GC heap after
{Heap after GC invocations=8 (full 1):
 PSYoungGen      total 30208K, used 6639K [0x00000000eab00000, 0x00000000ed300000, 0x0000000100000000)
  eden space 23552K, 0% used [0x00000000eab00000,0x00000000eab00000,0x00000000ec200000)
  from space 6656K, 99% used [0x00000000ec280000,0x00000000ec8fbff0,0x00000000ec900000)
  to   space 8704K, 0% used [0x00000000eca80000,0x00000000eca80000,0x00000000ed300000)
 ParOldGen       total 68608K, used 10366K [0x00000000c0000000, 0x00000000c4300000, 0x00000000eab00000)
  object space 68608K, 15% used [0x00000000c0000000,0x00000000c0a1f9a8,0x00000000c4300000)
 Metaspace       used 27166K, capacity 28779K, committed 28928K, reserved 1075200K
  class space    used 2665K, capacity 3265K, committed 3328K, reserved 1048576K
}
Event: 64.364 GC heap before
{Heap before GC invocations=9 (full 1):
 PSYoungGen      total 30208K, used 30191K [0x00000000eab00000, 0x00000000ed300000, 0x0000000100000000)
  eden space 23552K, 100% used [0x00000000eab00000,0x00000000ec200000,0x00000000ec200000)
  from space 6656K, 99% used [0x00000000ec280000,0x00000000ec8fbff0,0x00000000ec900000)
  to   space 8704K, 0% used [0x00000000eca80000,0x00000000eca80000,0x00000000ed300000)
 ParOldGen       total 68608K, used 10366K [0x00000000c0000000, 0x00000000c4300000, 0x00000000eab00000)
  object space 68608K, 15% used [0x00000000c0000000,0x00000000c0a1f9a8,0x00000000c4300000)
 Metaspace       used 27166K, capacity 28779K, committed 28928K, reserved 1075200K
  class space    used 2665K, capacity 3265K, committed 3328K, reserved 1048576K
}
Event: 64.375 GC heap after
{Heap after GC invocations=9 (full 1):
 PSYoungGen      total 30208K, used 7008K [0x00000000eab00000, 0x00000000ed180000, 0x0000000100000000)
  eden space 23040K, 0% used [0x00000000eab00000,0x00000000eab00000,0x00000000ec180000)
  from space 7168K, 97% used [0x00000000eca80000,0x00000000ed158020,0x00000000ed180000)
  to   space 7680K, 0% used [0x00000000ec280000,0x00000000ec280000,0x00000000eca00000)
 ParOldGen       total 68608K, used 12029K [0x00000000c0000000, 0x00000000c4300000, 0x00000000eab00000)
  object space 68608K, 17% used [0x00000000c0000000,0x00000000c0bbf4f8,0x00000000c4300000)
 Metaspace       used 27166K, capacity 28779K, committed 28928K, reserved 1075200K
  class space    used 2665K, capacity 3265K, committed 3328K, reserved 1048576K
}
Event: 64.469 GC heap before
{Heap before GC invocations=10 (full 1):
 PSYoungGen      total 30208K, used 30048K [0x00000000eab00000, 0x00000000ed180000, 0x0000000100000000)
  eden space 23040K, 100% used [0x00000000eab00000,0x00000000ec180000,0x00000000ec180000)
  from space 7168K, 97% used [0x00000000eca80000,0x00000000ed158020,0x00000000ed180000)
  to   space 7680K, 0% used [0x00000000ec280000,0x00000000ec280000,0x00000000eca00000)
 ParOldGen       total 68608K, used 12029K [0x00000000c0000000, 0x00000000c4300000, 0x00000000eab00000)
  object space 68608K, 17% used [0x00000000c0000000,0x00000000c0bbf4f8,0x00000000c4300000)
 Metaspace       used 27167K, capacity 28779K, committed 28928K, reserved 1075200K
  class space    used 2665K, capacity 3265K, committed 3328K, reserved 1048576K
}
Event: 64.483 GC heap after
{Heap after GC invocations=10 (full 1):
 PSYoungGen      total 29184K, used 6176K [0x00000000eab00000, 0x00000000ece00000, 0x0000000100000000)
  eden space 22528K, 0% used [0x00000000eab00000,0x00000000eab00000,0x00000000ec100000)
  from space 6656K, 92% used [0x00000000ec280000,0x00000000ec888020,0x00000000ec900000)
  to   space 5120K, 0% used [0x00000000ec900000,0x00000000ec900000,0x00000000ece00000)
 ParOldGen       total 68608K, used 14985K [0x00000000c0000000, 0x00000000c4300000, 0x00000000eab00000)
  object space 68608K, 21% used [0x00000000c0000000,0x00000000c0ea2478,0x00000000c4300000)
 Metaspace       used 27167K, capacity 28779K, committed 28928K, reserved 1075200K
  class space    used 2665K, capacity 3265K, committed 3328K, reserved 1048576K
}
Event: 64.564 GC heap before
{Heap before GC invocations=11 (full 1):
 PSYoungGen      total 29184K, used 28704K [0x00000000eab00000, 0x00000000ece00000, 0x0000000100000000)
  eden space 22528K, 100% used [0x00000000eab00000,0x00000000ec100000,0x00000000ec100000)
  from space 6656K, 92% used [0x00000000ec280000,0x00000000ec888020,0x00000000ec900000)
  to   space 5120K, 0% used [0x00000000ec900000,0x00000000ec900000,0x00000000ece00000)
 ParOldGen       total 68608K, used 14985K [0x00000000c0000000, 0x00000000c4300000, 0x00000000eab00000)
  object space 68608K, 21% used [0x00000000c0000000,0x00000000c0ea2478,0x00000000c4300000)
 Metaspace       used 27167K, capacity 28779K, committed 28928K, reserved 1075200K
  class space    used 2665K, capacity 3265K, committed 3328K, reserved 1048576K
}
Event: 64.583 GC heap after
{Heap after GC invocations=11 (full 1):
 PSYoungGen      total 26112K, used 4064K [0x00000000eab00000, 0x00000000ecd00000, 0x0000000100000000)
  eden space 22016K, 0% used [0x00000000eab00000,0x00000000eab00000,0x00000000ec080000)
  from space 4096K, 99% used [0x00000000ec900000,0x00000000eccf8010,0x00000000ecd00000)
  to   space 5120K, 0% used [0x00000000ec300000,0x00000000ec300000,0x00000000ec800000)
 ParOldGen       total 68608K, used 18900K [0x00000000c0000000, 0x00000000c4300000, 0x00000000eab00000)
  object space 68608K, 27% used [0x00000000c0000000,0x00000000c12751b0,0x00000000c4300000)
 Metaspace       used 27167K, capacity 28779K, committed 28928K, reserved 1075200K
  class space    used 2665K, capacity 3265K, committed 3328K, reserved 1048576K
}

